0 info it worked if it ends with ok
1 verbose cli [ '/usr/local/bin/node', '/usr/local/bin/npm', 'run', 'serve' ]
2 info using npm@4.0.5
3 info using node@v6.9.2
4 verbose run-script [ 'preserve', 'serve', 'postserve' ]
5 info lifecycle express-seed@1.0.0~preserve: express-seed@1.0.0
6 silly lifecycle express-seed@1.0.0~preserve: no script for preserve, continuing
7 info lifecycle express-seed@1.0.0~serve: express-seed@1.0.0
8 verbose lifecycle express-seed@1.0.0~serve: unsafe-perm in lifecycle true
9 verbose lifecycle express-seed@1.0.0~serve: PATH: /usr/local/lib/node_modules/npm/bin/node-gyp-bin:/Users/eddyella/Desktop/desk/Node/express/express-seed/node_modules/.bin:/usr/local/lib/dnx/runtimes/dnx-coreclr-darwin-x64.1.0.0-rc1-update1/bin:/Users/eddyella/.dnx/bin:/Users/eddyella/Library/Android/sdk/platform-tools:/Library/Android/sdk/tools:~/.composer/vendor/bin:/Applications/AMPPS/php/bin:/Applications/AMPPS/mysql/bin:/usr/local/bin:/usr/local/bin:/usr/bin:/bin:/usr/sbin:/sbin:/Users/eddyella/Android/adt/sdk
10 verbose lifecycle express-seed@1.0.0~serve: CWD: /Users/eddyella/Desktop/desk/Node/express/express-seed
11 silly lifecycle express-seed@1.0.0~serve: Args: [ '-c', 'node server.js' ]
12 silly lifecycle express-seed@1.0.0~serve: Returned: code: 1  signal: null
13 info lifecycle express-seed@1.0.0~serve: Failed to exec serve script
14 verbose stack Error: express-seed@1.0.0 serve: `node server.js`
14 verbose stack Exit status 1
14 verbose stack     at EventEmitter.<anonymous> (/usr/local/lib/node_modules/npm/lib/utils/lifecycle.js:279:16)
14 verbose stack     at emitTwo (events.js:106:13)
14 verbose stack     at EventEmitter.emit (events.js:191:7)
14 verbose stack     at ChildProcess.<anonymous> (/usr/local/lib/node_modules/npm/lib/utils/spawn.js:40:14)
14 verbose stack     at emitTwo (events.js:106:13)
14 verbose stack     at ChildProcess.emit (events.js:191:7)
14 verbose stack     at maybeClose (internal/child_process.js:877:16)
14 verbose stack     at Process.ChildProcess._handle.onexit (internal/child_process.js:226:5)
15 verbose pkgid express-seed@1.0.0
16 verbose cwd /Users/eddyella/Desktop/desk/Node/express/express-seed
17 error Darwin 16.1.0
18 error argv "/usr/local/bin/node" "/usr/local/bin/npm" "run" "serve"
19 error node v6.9.2
20 error npm  v4.0.5
21 error code ELIFECYCLE
22 error express-seed@1.0.0 serve: `node server.js`
22 error Exit status 1
23 error Failed at the express-seed@1.0.0 serve script 'node server.js'.
23 error Make sure you have the latest version of node.js and npm installed.
23 error If you do, this is most likely a problem with the express-seed package,
23 error not with npm itself.
23 error Tell the author that this fails on your system:
23 error     node server.js
23 error You can get information on how to open an issue for this project with:
23 error     npm bugs express-seed
23 error Or if that isn't available, you can get their info via:
23 error     npm owner ls express-seed
23 error There is likely additional logging output above.
24 verbose exit [ 1, true ]
